2025-01-30 10:53:32 INFO  Utils:112 - [TestNG] Running:
  C:\Users\layag\eclipse-workspace\OpenCartV1\master.xml

2025-01-30 10:53:40 INFO  TC003_LoginDDT:23 - ****************Starting TC003_LoginDDT***************
2025-01-30 10:53:42 INFO  TC003_LoginDDT:51 - ****************Finished TC003_LoginDDT***************
2025-01-30 10:53:42 INFO  TC003_LoginDDT:23 - ****************Starting TC003_LoginDDT***************
2025-01-30 10:53:46 INFO  TC003_LoginDDT:51 - ****************Finished TC003_LoginDDT***************
2025-01-30 10:53:46 INFO  TC003_LoginDDT:23 - ****************Starting TC003_LoginDDT***************
2025-01-30 10:53:50 INFO  TC003_LoginDDT:51 - ****************Finished TC003_LoginDDT***************
2025-01-30 10:53:50 INFO  TC003_LoginDDT:23 - ****************Starting TC003_LoginDDT***************
2025-01-30 10:58:49 INFO  Utils:112 - [TestNG] Running:
  C:\Users\layag\eclipse-workspace\OpenCartV1\master.xml

2025-01-30 10:58:53 INFO  TC003_LoginDDT:23 - ****************Starting TC003_LoginDDT***************
2025-01-30 10:58:55 INFO  TC003_LoginDDT:51 - ****************Finished TC003_LoginDDT***************
2025-01-30 10:58:55 INFO  TC003_LoginDDT:23 - ****************Starting TC003_LoginDDT***************
2025-01-30 10:58:59 INFO  TC003_LoginDDT:51 - ****************Finished TC003_LoginDDT***************
2025-01-30 10:58:59 INFO  TC003_LoginDDT:23 - ****************Starting TC003_LoginDDT***************
2025-01-30 10:59:03 INFO  TC003_LoginDDT:51 - ****************Finished TC003_LoginDDT***************
2025-01-30 10:59:03 INFO  TC003_LoginDDT:23 - ****************Starting TC003_LoginDDT***************
2025-01-30 10:59:40 INFO  Utils:112 - [TestNG] Running:
  C:\Users\layag\eclipse-workspace\OpenCartV1\master.xml

2025-01-30 10:59:45 INFO  TC003_LoginDDT:23 - ****************Starting TC003_LoginDDT***************
2025-01-30 10:59:47 INFO  TC003_LoginDDT:51 - ****************Finished TC003_LoginDDT***************
2025-01-30 10:59:47 INFO  TC003_LoginDDT:23 - ****************Starting TC003_LoginDDT***************
2025-01-30 10:59:51 INFO  TC003_LoginDDT:51 - ****************Finished TC003_LoginDDT***************
2025-01-30 10:59:51 INFO  TC003_LoginDDT:23 - ****************Starting TC003_LoginDDT***************
2025-01-30 10:59:55 INFO  TC003_LoginDDT:51 - ****************Finished TC003_LoginDDT***************
2025-01-30 10:59:55 INFO  TC003_LoginDDT:23 - ****************Starting TC003_LoginDDT***************
2025-01-30 11:00:41 INFO  Utils:112 - [TestNG] Running:
  C:\Users\layag\eclipse-workspace\OpenCartV1\master.xml

2025-01-30 11:00:44 INFO  TC003_LoginDDT:23 - ****************Starting TC003_LoginDDT***************
2025-01-30 11:00:46 INFO  TC003_LoginDDT:51 - ****************Finished TC003_LoginDDT***************
2025-01-30 11:00:46 INFO  TC003_LoginDDT:23 - ****************Starting TC003_LoginDDT***************
2025-01-30 11:00:50 INFO  TC003_LoginDDT:51 - ****************Finished TC003_LoginDDT***************
2025-01-30 11:00:50 INFO  TC003_LoginDDT:23 - ****************Starting TC003_LoginDDT***************
2025-01-30 11:00:54 INFO  TC003_LoginDDT:51 - ****************Finished TC003_LoginDDT***************
2025-01-30 11:00:55 INFO  TC003_LoginDDT:23 - ****************Starting TC003_LoginDDT***************
2025-01-30 11:03:06 INFO  Utils:112 - [TestNG] Running:
  C:\Users\layag\eclipse-workspace\OpenCartV1\master.xml

2025-01-30 11:03:10 INFO  TC003_LoginDDT:23 - ****************Starting TC003_LoginDDT***************
2025-01-30 11:03:12 INFO  TC003_LoginDDT:51 - ****************Finished TC003_LoginDDT***************
2025-01-30 11:03:12 INFO  TC003_LoginDDT:23 - ****************Starting TC003_LoginDDT***************
2025-01-30 11:03:16 INFO  TC003_LoginDDT:51 - ****************Finished TC003_LoginDDT***************
2025-01-30 11:03:16 INFO  TC003_LoginDDT:23 - ****************Starting TC003_LoginDDT***************
2025-01-30 11:03:20 INFO  TC003_LoginDDT:51 - ****************Finished TC003_LoginDDT***************
2025-01-30 11:03:20 INFO  TC003_LoginDDT:23 - ****************Starting TC003_LoginDDT***************
2025-01-30 11:03:24 INFO  TC003_LoginDDT:51 - ****************Finished TC003_LoginDDT***************
2025-01-30 11:03:44 INFO  Utils:112 - [TestNG] Running:
  C:\Users\layag\eclipse-workspace\OpenCartV1\master.xml

2025-01-30 11:03:47 INFO  TC003_LoginDDT:23 - ****************Starting TC003_LoginDDT***************
2025-01-30 11:03:49 INFO  TC003_LoginDDT:51 - ****************Finished TC003_LoginDDT***************
2025-01-30 11:03:49 INFO  TC003_LoginDDT:23 - ****************Starting TC003_LoginDDT***************
2025-01-30 11:03:53 INFO  TC003_LoginDDT:51 - ****************Finished TC003_LoginDDT***************
2025-01-30 11:03:53 INFO  TC003_LoginDDT:23 - ****************Starting TC003_LoginDDT***************
2025-01-30 11:03:57 INFO  TC003_LoginDDT:51 - ****************Finished TC003_LoginDDT***************
2025-01-30 11:03:57 INFO  TC003_LoginDDT:23 - ****************Starting TC003_LoginDDT***************
2025-01-30 11:03:59 INFO  TC003_LoginDDT:51 - ****************Finished TC003_LoginDDT***************
2025-01-30 11:15:01 INFO  Utils:112 - [TestNG] Running:
  C:\Users\layag\eclipse-workspace\OpenCartV1\master.xml

2025-01-30 11:15:05 INFO  TC003_LoginDDT:23 - ****************Starting TC003_LoginDDT***************
2025-01-30 11:15:08 INFO  TC003_LoginDDT:67 - ****************Finished TC003_LoginDDT***************
2025-01-30 11:15:08 INFO  TC003_LoginDDT:23 - ****************Starting TC003_LoginDDT***************
2025-01-30 11:15:12 INFO  TC003_LoginDDT:67 - ****************Finished TC003_LoginDDT***************
2025-01-30 11:15:12 INFO  TC003_LoginDDT:23 - ****************Starting TC003_LoginDDT***************
2025-01-30 11:15:17 INFO  TC003_LoginDDT:67 - ****************Finished TC003_LoginDDT***************
2025-01-30 11:15:17 INFO  TC003_LoginDDT:23 - ****************Starting TC003_LoginDDT***************
2025-01-30 11:15:18 INFO  TC003_LoginDDT:67 - ****************Finished TC003_LoginDDT***************
2025-01-30 11:28:31 INFO  Utils:112 - [TestNG] Running:
  C:\Users\layag\eclipse-workspace\OpenCartV1\grouping.xml

2025-01-30 11:30:26 INFO  Utils:112 - [TestNG] Running:
  C:\Users\layag\eclipse-workspace\OpenCartV1\grouping.xml

2025-01-30 11:31:49 INFO  Utils:112 - [TestNG] Running:
  C:\Users\layag\eclipse-workspace\OpenCartV1\grouping.xml

2025-01-30 11:33:35 INFO  Utils:112 - [TestNG] Running:
  C:\Users\layag\eclipse-workspace\OpenCartV1\grouping.xml

2025-01-30 11:33:54 INFO  Utils:112 - [TestNG] Running:
  C:\Users\layag\eclipse-workspace\OpenCartV1\grouping.xml

2025-01-30 11:33:57 INFO  TC001_AccountRegistrationTest:16 - ***************Starting Test case execution***************
2025-01-30 11:33:57 INFO  TC001_AccountRegistrationTest:20 - Clicked on My Account Link
2025-01-30 11:33:57 INFO  TC001_AccountRegistrationTest:23 - Clicked on Register link
2025-01-30 11:33:59 INFO  TC001_AccountRegistrationTest:34 - Validating expected message
2025-01-30 11:33:59 INFO  TC001_AccountRegistrationTest:46 - ***************Finished Test case*************
2025-01-30 11:34:01 INFO  TC002_LoginTest:17 - ***********Starting TC002_LoginTest***********
2025-01-30 11:35:03 INFO  Utils:112 - [TestNG] Running:
  C:\Users\layag\eclipse-workspace\OpenCartV1\grouping.xml

2025-01-30 11:35:05 INFO  TC001_AccountRegistrationTest:16 - ***************Starting Test case execution***************
2025-01-30 11:35:05 INFO  TC001_AccountRegistrationTest:20 - Clicked on My Account Link
2025-01-30 11:35:05 INFO  TC001_AccountRegistrationTest:23 - Clicked on Register link
2025-01-30 11:35:07 INFO  TC001_AccountRegistrationTest:34 - Validating expected message
2025-01-30 11:35:07 INFO  TC001_AccountRegistrationTest:46 - ***************Finished Test case*************
2025-01-30 11:35:09 INFO  TC002_LoginTest:17 - ***********Starting TC002_LoginTest***********
2025-01-30 11:37:07 INFO  Utils:112 - [TestNG] Running:
  C:\Users\layag\eclipse-workspace\OpenCartV1\grouping.xml

2025-01-30 11:37:11 INFO  TC001_AccountRegistrationTest:16 - ***************Starting Test case execution***************
2025-01-30 11:37:11 INFO  TC001_AccountRegistrationTest:20 - Clicked on My Account Link
2025-01-30 11:37:11 INFO  TC001_AccountRegistrationTest:23 - Clicked on Register link
2025-01-30 11:37:12 INFO  TC001_AccountRegistrationTest:34 - Validating expected message
2025-01-30 11:37:51 INFO  Utils:112 - [TestNG] Running:
  C:\Users\layag\eclipse-workspace\OpenCartV1\grouping.xml

2025-01-30 11:37:55 INFO  TC001_AccountRegistrationTest:16 - ***************Starting Test case execution***************
2025-01-30 11:37:55 INFO  TC001_AccountRegistrationTest:20 - Clicked on My Account Link
2025-01-30 11:37:56 INFO  TC001_AccountRegistrationTest:23 - Clicked on Register link
2025-01-30 11:37:57 INFO  TC001_AccountRegistrationTest:34 - Validating expected message
2025-01-30 11:37:57 INFO  TC001_AccountRegistrationTest:46 - ***************Finished Test case*************
2025-01-30 11:38:41 INFO  Utils:112 - [TestNG] Running:
  C:\Users\layag\eclipse-workspace\OpenCartV1\grouping.xml

2025-01-30 11:39:47 INFO  Utils:112 - [TestNG] Running:
  C:\Users\layag\eclipse-workspace\OpenCartV1\grouping.xml

2025-01-30 11:40:18 INFO  Utils:112 - [Utils] MethodGroupsHelper.collectMethodsByGroup() took 0 ms.
2025-01-30 11:40:18 INFO  Utils:112 - [Utils] MethodGroupsHelper.sortMethods() took 0 ms.
2025-01-30 11:40:18 INFO  Utils:112 - [Utils] MethodGroupsHelper.collectMethodsByGroup() took 0 ms.
2025-01-30 11:40:18 INFO  Utils:112 - [Utils] MethodGroupsHelper.sortMethods() took 0 ms.
2025-01-30 11:40:18 INFO  Utils:112 - [Utils] MethodGroupsHelper.collectMethodsByGroup() took 0 ms.
2025-01-30 11:40:18 INFO  Utils:112 - [Utils] MethodGroupsHelper.sortMethods() took 0 ms.
2025-01-30 11:40:18 INFO  Utils:112 - [Utils] MethodGroupsHelper.collectMethodsByGroup() took 0 ms.
2025-01-30 11:40:18 INFO  Utils:112 - [Utils] MethodGroupsHelper.sortMethods() took 0 ms.
2025-01-30 11:40:18 INFO  Utils:112 - [Utils] MethodGroupsHelper.collectMethodsByGroup() took 5 ms.
2025-01-30 11:40:19 INFO  Utils:112 - [Utils] MethodGroupsHelper.sortMethods() took 9 ms.
2025-01-30 11:40:19 INFO  Utils:112 - [Utils] MethodGroupsHelper.collectMethodsByGroup() took 0 ms.
2025-01-30 11:40:19 INFO  Utils:112 - [Utils] MethodGroupsHelper.sortMethods() took 0 ms.
2025-01-30 11:40:19 INFO  Utils:112 - [Utils] MethodGroupsHelper.collectMethodsByGroup() took 0 ms.
2025-01-30 11:40:19 INFO  Utils:112 - [Utils] MethodGroupsHelper.sortMethods() took 0 ms.
2025-01-30 11:40:19 INFO  Utils:112 - [Utils] MethodGroupsHelper.collectMethodsByGroup() took 0 ms.
2025-01-30 11:40:19 INFO  Utils:112 - [Utils] MethodGroupsHelper.sortMethods() took 0 ms.
2025-01-30 11:40:19 INFO  Utils:112 - [Utils] MethodGroupsHelper.collectMethodsByGroup() took 0 ms.
2025-01-30 11:40:19 INFO  Utils:112 - [Utils] MethodGroupsHelper.sortMethods() took 0 ms.
2025-01-30 11:40:19 INFO  Utils:112 - [Utils] MethodGroupsHelper.collectMethodsByGroup() took 0 ms.
2025-01-30 11:40:19 INFO  Utils:112 - [Utils] MethodGroupsHelper.sortMethods() took 0 ms.
2025-01-30 11:40:19 INFO  Utils:112 - [Utils] MethodGroupsHelper.collectMethodsByGroup() took 0 ms.
2025-01-30 11:40:19 INFO  Utils:112 - [Utils] MethodGroupsHelper.sortMethods() took 0 ms.
2025-01-30 11:40:19 INFO  Utils:112 - [Utils] MethodGroupsHelper.collectMethodsByGroup() took 0 ms.
2025-01-30 11:40:19 INFO  Utils:112 - [Utils] MethodGroupsHelper.sortMethods() took 0 ms.
2025-01-30 11:40:19 INFO  Utils:112 - [Utils] MethodGroupsHelper.collectMethodsByGroup() took 1 ms.
2025-01-30 11:40:19 INFO  Utils:112 - [Utils] MethodGroupsHelper.sortMethods() took 0 ms.
2025-01-30 11:40:19 INFO  Utils:112 - [Utils] MethodGroupsHelper.collectMethodsByGroup() took 0 ms.
2025-01-30 11:40:19 INFO  Utils:112 - [Utils] MethodGroupsHelper.sortMethods() took 0 ms.
2025-01-30 11:40:19 INFO  Utils:112 - [Utils] MethodGroupsHelper.collectMethodsByGroup() took 0 ms.
2025-01-30 11:40:19 INFO  Utils:112 - [Utils] MethodGroupsHelper.sortMethods() took 0 ms.
2025-01-30 11:40:19 INFO  Utils:112 - [TestNG] Running:
  C:\Users\layag\AppData\Local\Temp\testng-eclipse-340646496\testng-customsuite.xml

2025-01-30 11:40:19 INFO  Utils:112 - [Utils] DynamicGraphHelper.createDynamicGraph() took 5 ms.
2025-01-30 11:40:19 INFO  Utils:112 - [TestNG] Time taken by org.testng.reporters.jq.Main@70fab835: 61 ms
2025-01-30 11:40:19 INFO  Utils:112 - [TestNG] Time taken by org.testng.reporters.FailedReporter@1b11ef33: 35 ms
2025-01-30 11:40:19 INFO  Utils:112 - [TestNG] Time taken by org.testng.reporters.XMLReporter@307765b4: 10 ms
2025-01-30 11:40:19 INFO  Utils:112 - [TestNG] Time taken by org.testng.reporters.EmailableReporter2@2e5c7f0b: 12 ms
2025-01-30 11:40:19 INFO  Utils:112 - [TestNG] Time taken by org.testng.reporters.JUnitReportReporter@3ec11999: 7 ms
2025-01-30 11:40:19 INFO  Utils:112 - [TestNG] Time taken by org.testng.internal.ExitCodeListener@5c1bd44c: 0 ms
2025-01-30 11:41:51 INFO  Utils:112 - [Utils] MethodGroupsHelper.collectMethodsByGroup() took 0 ms.
2025-01-30 11:41:51 INFO  Utils:112 - [Utils] MethodGroupsHelper.sortMethods() took 0 ms.
2025-01-30 11:41:51 INFO  Utils:112 - [Utils] MethodGroupsHelper.collectMethodsByGroup() took 0 ms.
2025-01-30 11:41:51 INFO  Utils:112 - [Utils] MethodGroupsHelper.sortMethods() took 0 ms.
2025-01-30 11:41:51 INFO  Utils:112 - [Utils] MethodGroupsHelper.collectMethodsByGroup() took 0 ms.
2025-01-30 11:41:51 INFO  Utils:112 - [Utils] MethodGroupsHelper.sortMethods() took 0 ms.
2025-01-30 11:41:51 INFO  Utils:112 - [Utils] MethodGroupsHelper.collectMethodsByGroup() took 0 ms.
2025-01-30 11:41:51 INFO  Utils:112 - [Utils] MethodGroupsHelper.sortMethods() took 0 ms.
2025-01-30 11:41:51 INFO  Utils:112 - [Utils] MethodGroupsHelper.collectMethodsByGroup() took 9 ms.
2025-01-30 11:41:51 INFO  Utils:112 - [Utils] MethodGroupsHelper.sortMethods() took 12 ms.
2025-01-30 11:41:51 INFO  Utils:112 - [Utils] MethodGroupsHelper.collectMethodsByGroup() took 0 ms.
2025-01-30 11:41:51 INFO  Utils:112 - [Utils] MethodGroupsHelper.sortMethods() took 0 ms.
2025-01-30 11:41:51 INFO  Utils:112 - [Utils] MethodGroupsHelper.collectMethodsByGroup() took 0 ms.
2025-01-30 11:41:51 INFO  Utils:112 - [Utils] MethodGroupsHelper.sortMethods() took 0 ms.
2025-01-30 11:41:51 INFO  Utils:112 - [Utils] MethodGroupsHelper.collectMethodsByGroup() took 0 ms.
2025-01-30 11:41:51 INFO  Utils:112 - [Utils] MethodGroupsHelper.sortMethods() took 0 ms.
2025-01-30 11:41:51 INFO  Utils:112 - [Utils] MethodGroupsHelper.collectMethodsByGroup() took 0 ms.
2025-01-30 11:41:51 INFO  Utils:112 - [Utils] MethodGroupsHelper.sortMethods() took 0 ms.
2025-01-30 11:41:51 INFO  Utils:112 - [Utils] MethodGroupsHelper.collectMethodsByGroup() took 0 ms.
2025-01-30 11:41:51 INFO  Utils:112 - [Utils] MethodGroupsHelper.sortMethods() took 0 ms.
2025-01-30 11:41:51 INFO  Utils:112 - [Utils] MethodGroupsHelper.collectMethodsByGroup() took 0 ms.
2025-01-30 11:41:51 INFO  Utils:112 - [Utils] MethodGroupsHelper.sortMethods() took 0 ms.
2025-01-30 11:41:51 INFO  Utils:112 - [Utils] MethodGroupsHelper.collectMethodsByGroup() took 0 ms.
2025-01-30 11:41:51 INFO  Utils:112 - [Utils] MethodGroupsHelper.sortMethods() took 0 ms.
2025-01-30 11:41:51 INFO  Utils:112 - [Utils] MethodGroupsHelper.collectMethodsByGroup() took 0 ms.
2025-01-30 11:41:51 INFO  Utils:112 - [Utils] MethodGroupsHelper.sortMethods() took 0 ms.
2025-01-30 11:41:51 INFO  Utils:112 - [Utils] MethodGroupsHelper.collectMethodsByGroup() took 0 ms.
2025-01-30 11:41:51 INFO  Utils:112 - [Utils] MethodGroupsHelper.sortMethods() took 0 ms.
2025-01-30 11:41:51 INFO  Utils:112 - [Utils] MethodGroupsHelper.collectMethodsByGroup() took 0 ms.
2025-01-30 11:41:51 INFO  Utils:112 - [Utils] MethodGroupsHelper.sortMethods() took 0 ms.
2025-01-30 11:41:51 INFO  Utils:112 - [TestNG] Running:
  C:\Users\layag\AppData\Local\Temp\testng-eclipse--1627589315\testng-customsuite.xml

2025-01-30 11:41:51 INFO  Utils:112 - [Utils] DynamicGraphHelper.createDynamicGraph() took 2 ms.
2025-01-30 11:41:51 INFO  Utils:112 - [TestNG] Time taken by org.testng.reporters.jq.Main@2187fff7: 73 ms
2025-01-30 11:41:51 INFO  Utils:112 - [TestNG] Time taken by org.testng.reporters.FailedReporter@4cc547a: 12 ms
2025-01-30 11:41:51 INFO  Utils:112 - [TestNG] Time taken by org.testng.reporters.XMLReporter@548e76f1: 13 ms
2025-01-30 11:41:51 INFO  Utils:112 - [TestNG] Time taken by org.testng.reporters.EmailableReporter2@3d6300e8: 8 ms
2025-01-30 11:41:51 INFO  Utils:112 - [TestNG] Time taken by org.testng.reporters.JUnitReportReporter@410954b: 8 ms
2025-01-30 11:41:51 INFO  Utils:112 - [TestNG] Time taken by org.testng.internal.ExitCodeListener@7fb9f71f: 0 ms
2025-01-30 11:42:52 INFO  Utils:112 - [Utils] MethodGroupsHelper.collectMethodsByGroup() took 0 ms.
2025-01-30 11:42:52 INFO  Utils:112 - [Utils] MethodGroupsHelper.sortMethods() took 5 ms.
2025-01-30 11:42:52 INFO  Utils:112 - [Utils] MethodGroupsHelper.collectMethodsByGroup() took 0 ms.
2025-01-30 11:42:52 INFO  Utils:112 - [Utils] MethodGroupsHelper.sortMethods() took 0 ms.
2025-01-30 11:42:52 INFO  Utils:112 - [Utils] MethodGroupsHelper.collectMethodsByGroup() took 0 ms.
2025-01-30 11:42:52 INFO  Utils:112 - [Utils] MethodGroupsHelper.sortMethods() took 0 ms.
2025-01-30 11:42:52 INFO  Utils:112 - [Utils] MethodGroupsHelper.collectMethodsByGroup() took 1 ms.
2025-01-30 11:42:52 INFO  Utils:112 - [Utils] MethodGroupsHelper.sortMethods() took 0 ms.
2025-01-30 11:42:52 INFO  Utils:112 - [Utils] MethodGroupsHelper.collectMethodsByGroup() took 18 ms.
2025-01-30 11:42:52 INFO  Utils:112 - [Utils] MethodGroupsHelper.sortMethods() took 19 ms.
2025-01-30 11:42:52 INFO  Utils:112 - [Utils] MethodGroupsHelper.collectMethodsByGroup() took 0 ms.
2025-01-30 11:42:52 INFO  Utils:112 - [Utils] MethodGroupsHelper.sortMethods() took 0 ms.
2025-01-30 11:42:52 INFO  Utils:112 - [Utils] MethodGroupsHelper.collectMethodsByGroup() took 0 ms.
2025-01-30 11:42:52 INFO  Utils:112 - [Utils] MethodGroupsHelper.sortMethods() took 0 ms.
2025-01-30 11:42:52 INFO  Utils:112 - [Utils] MethodGroupsHelper.collectMethodsByGroup() took 0 ms.
2025-01-30 11:42:52 INFO  Utils:112 - [Utils] MethodGroupsHelper.sortMethods() took 0 ms.
2025-01-30 11:42:52 INFO  Utils:112 - [Utils] MethodGroupsHelper.collectMethodsByGroup() took 0 ms.
2025-01-30 11:42:52 INFO  Utils:112 - [Utils] MethodGroupsHelper.sortMethods() took 0 ms.
2025-01-30 11:42:52 INFO  Utils:112 - [Utils] MethodGroupsHelper.collectMethodsByGroup() took 0 ms.
2025-01-30 11:42:52 INFO  Utils:112 - [Utils] MethodGroupsHelper.sortMethods() took 0 ms.
2025-01-30 11:42:52 INFO  Utils:112 - [Utils] MethodGroupsHelper.collectMethodsByGroup() took 0 ms.
2025-01-30 11:42:52 INFO  Utils:112 - [Utils] MethodGroupsHelper.sortMethods() took 0 ms.
2025-01-30 11:42:52 INFO  Utils:112 - [Utils] MethodGroupsHelper.collectMethodsByGroup() took 0 ms.
2025-01-30 11:42:52 INFO  Utils:112 - [Utils] MethodGroupsHelper.sortMethods() took 0 ms.
2025-01-30 11:42:52 INFO  Utils:112 - [Utils] MethodGroupsHelper.collectMethodsByGroup() took 0 ms.
2025-01-30 11:42:52 INFO  Utils:112 - [Utils] MethodGroupsHelper.sortMethods() took 0 ms.
2025-01-30 11:42:52 INFO  Utils:112 - [Utils] MethodGroupsHelper.collectMethodsByGroup() took 0 ms.
2025-01-30 11:42:52 INFO  Utils:112 - [Utils] MethodGroupsHelper.sortMethods() took 0 ms.
2025-01-30 11:42:52 INFO  Utils:112 - [Utils] MethodGroupsHelper.collectMethodsByGroup() took 0 ms.
2025-01-30 11:42:52 INFO  Utils:112 - [Utils] MethodGroupsHelper.sortMethods() took 0 ms.
2025-01-30 11:42:52 INFO  Utils:112 - [TestNG] Running:
  C:\Users\layag\AppData\Local\Temp\testng-eclipse-702758152\testng-customsuite.xml

2025-01-30 11:42:52 INFO  Utils:112 - [Utils] DynamicGraphHelper.createDynamicGraph() took 2 ms.
2025-01-30 11:42:52 INFO  Utils:112 - [TestNG] Time taken by org.testng.reporters.jq.Main@70fab835: 74 ms
2025-01-30 11:42:52 INFO  Utils:112 - [TestNG] Time taken by org.testng.reporters.FailedReporter@1b11ef33: 11 ms
2025-01-30 11:42:52 INFO  Utils:112 - [TestNG] Time taken by org.testng.reporters.XMLReporter@307765b4: 13 ms
2025-01-30 11:42:52 INFO  Utils:112 - [TestNG] Time taken by org.testng.reporters.EmailableReporter2@2e5c7f0b: 14 ms
2025-01-30 11:42:52 INFO  Utils:112 - [TestNG] Time taken by org.testng.reporters.JUnitReportReporter@3ec11999: 6 ms
2025-01-30 11:42:52 INFO  Utils:112 - [TestNG] Time taken by org.testng.internal.ExitCodeListener@5c1bd44c: 0 ms
2025-01-30 11:43:44 INFO  Utils:112 - [TestNG] Running:
  C:\Users\layag\eclipse-workspace\OpenCartV1\grouping.xml

2025-01-30 11:44:15 INFO  Utils:112 - [Utils] MethodGroupsHelper.collectMethodsByGroup() took 0 ms.
2025-01-30 11:44:15 INFO  Utils:112 - [Utils] MethodGroupsHelper.sortMethods() took 0 ms.
2025-01-30 11:44:15 INFO  Utils:112 - [Utils] MethodGroupsHelper.collectMethodsByGroup() took 0 ms.
2025-01-30 11:44:15 INFO  Utils:112 - [Utils] MethodGroupsHelper.sortMethods() took 0 ms.
2025-01-30 11:44:15 INFO  Utils:112 - [Utils] MethodGroupsHelper.collectMethodsByGroup() took 0 ms.
2025-01-30 11:44:15 INFO  Utils:112 - [Utils] MethodGroupsHelper.sortMethods() took 0 ms.
2025-01-30 11:44:15 INFO  Utils:112 - [Utils] MethodGroupsHelper.collectMethodsByGroup() took 0 ms.
2025-01-30 11:44:15 INFO  Utils:112 - [Utils] MethodGroupsHelper.sortMethods() took 0 ms.
2025-01-30 11:44:15 INFO  Utils:112 - [Utils] MethodGroupsHelper.collectMethodsByGroup() took 4 ms.
2025-01-30 11:44:15 INFO  Utils:112 - [Utils] MethodGroupsHelper.sortMethods() took 9 ms.
2025-01-30 11:44:15 INFO  Utils:112 - [Utils] MethodGroupsHelper.collectMethodsByGroup() took 0 ms.
2025-01-30 11:44:15 INFO  Utils:112 - [Utils] MethodGroupsHelper.sortMethods() took 0 ms.
2025-01-30 11:44:15 INFO  Utils:112 - [Utils] MethodGroupsHelper.collectMethodsByGroup() took 0 ms.
2025-01-30 11:44:15 INFO  Utils:112 - [Utils] MethodGroupsHelper.sortMethods() took 0 ms.
2025-01-30 11:44:15 INFO  Utils:112 - [Utils] MethodGroupsHelper.collectMethodsByGroup() took 0 ms.
2025-01-30 11:44:15 INFO  Utils:112 - [Utils] MethodGroupsHelper.sortMethods() took 0 ms.
2025-01-30 11:44:15 INFO  Utils:112 - [Utils] MethodGroupsHelper.collectMethodsByGroup() took 0 ms.
2025-01-30 11:44:15 INFO  Utils:112 - [Utils] MethodGroupsHelper.sortMethods() took 0 ms.
2025-01-30 11:44:15 INFO  Utils:112 - [Utils] MethodGroupsHelper.collectMethodsByGroup() took 0 ms.
2025-01-30 11:44:15 INFO  Utils:112 - [Utils] MethodGroupsHelper.sortMethods() took 0 ms.
2025-01-30 11:44:15 INFO  Utils:112 - [Utils] MethodGroupsHelper.collectMethodsByGroup() took 0 ms.
2025-01-30 11:44:15 INFO  Utils:112 - [Utils] MethodGroupsHelper.sortMethods() took 0 ms.
2025-01-30 11:44:15 INFO  Utils:112 - [Utils] MethodGroupsHelper.collectMethodsByGroup() took 0 ms.
2025-01-30 11:44:15 INFO  Utils:112 - [Utils] MethodGroupsHelper.sortMethods() took 0 ms.
2025-01-30 11:44:15 INFO  Utils:112 - [Utils] MethodGroupsHelper.collectMethodsByGroup() took 0 ms.
2025-01-30 11:44:15 INFO  Utils:112 - [Utils] MethodGroupsHelper.sortMethods() took 0 ms.
2025-01-30 11:44:15 INFO  Utils:112 - [Utils] MethodGroupsHelper.collectMethodsByGroup() took 0 ms.
2025-01-30 11:44:15 INFO  Utils:112 - [Utils] MethodGroupsHelper.sortMethods() took 0 ms.
2025-01-30 11:44:15 INFO  Utils:112 - [Utils] MethodGroupsHelper.collectMethodsByGroup() took 0 ms.
2025-01-30 11:44:15 INFO  Utils:112 - [Utils] MethodGroupsHelper.sortMethods() took 0 ms.
2025-01-30 11:44:15 INFO  Utils:112 - [TestNG] Running:
  C:\Users\layag\AppData\Local\Temp\testng-eclipse--972949190\testng-customsuite.xml

2025-01-30 11:44:15 INFO  Utils:112 - [Utils] DynamicGraphHelper.createDynamicGraph() took 3 ms.
2025-01-30 11:44:17 INFO  Utils:112 - [TestNG] Time taken by org.testng.reporters.jq.Main@3d98d138: 54 ms
2025-01-30 11:44:17 INFO  Utils:112 - [TestNG] Time taken by org.testng.reporters.FailedReporter@3cec79d3: 7 ms
2025-01-30 11:44:17 INFO  Utils:112 - [TestNG] Time taken by org.testng.reporters.XMLReporter@4b2d44bc: 11 ms
2025-01-30 11:44:17 INFO  Utils:112 - [TestNG] Time taken by org.testng.reporters.EmailableReporter2@3cae7b8b: 6 ms
2025-01-30 11:44:17 INFO  Utils:112 - [TestNG] Time taken by org.testng.reporters.JUnitReportReporter@301aa982: 5 ms
2025-01-30 11:44:17 INFO  Utils:112 - [TestNG] Time taken by org.testng.internal.ExitCodeListener@5fc930f0: 0 ms
2025-01-30 11:48:38 INFO  Utils:112 - [TestNG] Running:
  C:\Users\layag\eclipse-workspace\OpenCartV1\master.xml

2025-01-30 11:48:41 INFO  TC001_AccountRegistrationTest:16 - ***************Starting Test case execution***************
2025-01-30 11:48:41 INFO  TC001_AccountRegistrationTest:20 - Clicked on My Account Link
2025-01-30 11:48:41 INFO  TC001_AccountRegistrationTest:23 - Clicked on Register link
2025-01-30 11:48:43 INFO  TC001_AccountRegistrationTest:34 - Validating expected message
2025-01-30 11:48:43 INFO  TC001_AccountRegistrationTest:46 - ***************Finished Test case*************
2025-01-30 11:48:45 INFO  TC002_LoginTest:17 - ***********Starting TC002_LoginTest***********
2025-01-30 11:48:52 INFO  TC003_LoginDDT:23 - ****************Starting TC003_LoginDDT***************
2025-01-30 11:48:54 INFO  TC003_LoginDDT:67 - ****************Finished TC003_LoginDDT***************
2025-01-30 11:48:54 INFO  TC003_LoginDDT:23 - ****************Starting TC003_LoginDDT***************
2025-01-30 11:48:58 INFO  TC003_LoginDDT:67 - ****************Finished TC003_LoginDDT***************
2025-01-30 11:48:58 INFO  TC003_LoginDDT:23 - ****************Starting TC003_LoginDDT***************
2025-01-30 11:49:02 INFO  TC003_LoginDDT:67 - ****************Finished TC003_LoginDDT***************
2025-01-30 11:49:02 INFO  TC003_LoginDDT:23 - ****************Starting TC003_LoginDDT***************
2025-01-30 11:49:04 INFO  TC003_LoginDDT:67 - ****************Finished TC003_LoginDDT***************
2025-01-30 11:53:16 INFO  Utils:112 - [TestNG] Running:
  C:\Users\layag\eclipse-workspace\OpenCartV1\grouping.xml

2025-01-30 11:53:39 INFO  Utils:112 - [TestNG] Running:
  C:\Users\layag\eclipse-workspace\OpenCartV1\master.xml

2025-01-30 11:53:43 INFO  TC001_AccountRegistrationTest:16 - ***************Starting Test case execution***************
2025-01-30 11:53:43 INFO  TC001_AccountRegistrationTest:20 - Clicked on My Account Link
2025-01-30 11:53:44 INFO  TC001_AccountRegistrationTest:23 - Clicked on Register link
2025-01-30 11:53:46 INFO  TC001_AccountRegistrationTest:34 - Validating expected message
2025-01-30 11:53:46 INFO  TC001_AccountRegistrationTest:46 - ***************Finished Test case*************
2025-01-30 11:53:48 INFO  TC002_LoginTest:17 - ***********Starting TC002_LoginTest***********
2025-01-30 11:53:50 INFO  TC002_LoginTest:36 - ***************Finished TC002_LoginTest**************
2025-01-30 11:53:53 INFO  TC003_LoginDDT:23 - ****************Starting TC003_LoginDDT***************
2025-01-30 11:53:55 INFO  TC003_LoginDDT:67 - ****************Finished TC003_LoginDDT***************
2025-01-30 11:53:55 INFO  TC003_LoginDDT:23 - ****************Starting TC003_LoginDDT***************
2025-01-30 11:53:59 INFO  TC003_LoginDDT:67 - ****************Finished TC003_LoginDDT***************
2025-01-30 11:53:59 INFO  TC003_LoginDDT:23 - ****************Starting TC003_LoginDDT***************
2025-01-30 11:54:03 INFO  TC003_LoginDDT:67 - ****************Finished TC003_LoginDDT***************
2025-01-30 11:54:03 INFO  TC003_LoginDDT:23 - ****************Starting TC003_LoginDDT***************
2025-01-30 11:54:05 INFO  TC003_LoginDDT:67 - ****************Finished TC003_LoginDDT***************
2025-01-30 13:02:49 INFO  Utils:112 - [TestNG] Running:
  C:\Users\layag\eclipse-workspace\OpenCartV1\master.xml

2025-01-30 13:02:55 INFO  TC001_AccountRegistrationTest:16 - ***************Starting Test case execution***************
2025-01-30 13:02:55 INFO  TC001_AccountRegistrationTest:20 - Clicked on My Account Link
2025-01-30 13:02:55 INFO  TC001_AccountRegistrationTest:23 - Clicked on Register link
2025-01-30 13:02:57 INFO  TC001_AccountRegistrationTest:34 - Validating expected message
2025-01-30 13:02:57 INFO  TC001_AccountRegistrationTest:46 - ***************Finished Test case*************
2025-01-30 13:02:59 INFO  TC002_LoginTest:17 - ***********Starting TC002_LoginTest***********
2025-01-30 13:03:00 INFO  TC002_LoginTest:36 - ***************Finished TC002_LoginTest**************
2025-01-30 13:03:03 INFO  TC003_LoginDDT:23 - ****************Starting TC003_LoginDDT***************
2025-01-30 13:03:05 INFO  TC003_LoginDDT:67 - ****************Finished TC003_LoginDDT***************
2025-01-30 13:03:05 INFO  TC003_LoginDDT:23 - ****************Starting TC003_LoginDDT***************
2025-01-30 13:03:09 INFO  TC003_LoginDDT:67 - ****************Finished TC003_LoginDDT***************
2025-01-30 13:03:09 INFO  TC003_LoginDDT:23 - ****************Starting TC003_LoginDDT***************
2025-01-30 13:03:13 INFO  TC003_LoginDDT:67 - ****************Finished TC003_LoginDDT***************
2025-01-30 13:03:13 INFO  TC003_LoginDDT:23 - ****************Starting TC003_LoginDDT***************
2025-01-30 13:03:14 INFO  TC003_LoginDDT:67 - ****************Finished TC003_LoginDDT***************
2025-01-30 13:06:37 INFO  Utils:112 - [TestNG] Running:
  C:\Users\layag\eclipse-workspace\OpenCartV1\master.xml

2025-01-30 13:06:40 INFO  TC001_AccountRegistrationTest:16 - ***************Starting Test case execution***************
2025-01-30 13:06:40 INFO  TC001_AccountRegistrationTest:20 - Clicked on My Account Link
2025-01-30 13:06:41 INFO  TC001_AccountRegistrationTest:23 - Clicked on Register link
2025-01-30 13:06:42 INFO  TC001_AccountRegistrationTest:34 - Validating expected message
2025-01-30 13:08:26 INFO  Utils:112 - [TestNG] Running:
  C:\Users\layag\eclipse-workspace\OpenCartV1\master.xml

2025-01-30 13:08:28 INFO  TC001_AccountRegistrationTest:16 - ***************Starting Test case execution***************
2025-01-30 13:08:28 INFO  TC001_AccountRegistrationTest:20 - Clicked on My Account Link
2025-01-30 13:08:28 INFO  TC001_AccountRegistrationTest:23 - Clicked on Register link
2025-01-30 13:08:30 INFO  TC001_AccountRegistrationTest:34 - Validating expected message
2025-01-30 13:08:30 INFO  TC001_AccountRegistrationTest:46 - ***************Finished Test case*************
2025-01-30 13:08:31 INFO  TC002_LoginTest:17 - ***********Starting TC002_LoginTest***********
2025-01-30 13:15:21 INFO  Utils:112 - [TestNG] Running:
  C:\Users\layag\eclipse-workspace\OpenCartV1\grouping.xml

2025-01-30 13:15:24 INFO  TC002_LoginTest:17 - ***********Starting TC002_LoginTest***********
2025-01-30 13:28:10 INFO  Utils:112 - [TestNG] Running:
  C:\Users\layag\eclipse-workspace\OpenCartV1\master.xml

2025-01-30 13:28:13 INFO  TC001_AccountRegistrationTest:16 - ***************Starting Test case execution***************
2025-01-30 13:28:13 INFO  TC001_AccountRegistrationTest:20 - Clicked on My Account Link
2025-01-30 13:28:13 INFO  TC001_AccountRegistrationTest:23 - Clicked on Register link
2025-01-30 13:28:14 INFO  TC001_AccountRegistrationTest:34 - Validating expected message
2025-01-30 13:39:00 INFO  Utils:112 - [TestNG] Running:
  C:\Users\layag\eclipse-workspace\OpenCartV1\master.xml

2025-01-30 13:39:03 INFO  TC001_AccountRegistrationTest:16 - ***************Starting Test case execution***************
2025-01-30 13:39:03 INFO  TC001_AccountRegistrationTest:20 - Clicked on My Account Link
2025-01-30 13:39:03 INFO  TC001_AccountRegistrationTest:23 - Clicked on Register link
2025-01-30 13:39:04 INFO  TC001_AccountRegistrationTest:34 - Validating expected message
2025-01-30 13:46:01 INFO  Utils:112 - [TestNG] Running:
  C:\Users\layag\eclipse-workspace\OpenCartV1\master.xml

2025-01-30 13:46:04 INFO  TC001_AccountRegistrationTest:16 - ***************Starting Test case execution***************
2025-01-30 13:46:04 INFO  TC001_AccountRegistrationTest:20 - Clicked on My Account Link
2025-01-30 13:46:04 INFO  TC001_AccountRegistrationTest:23 - Clicked on Register link
2025-01-30 13:46:05 INFO  TC001_AccountRegistrationTest:34 - Validating expected message
2025-01-30 13:48:25 INFO  Utils:112 - [TestNG] Running:
  C:\Users\layag\eclipse-workspace\OpenCartV1\master.xml

2025-01-30 13:48:28 INFO  TC001_AccountRegistrationTest:16 - ***************Starting Test case execution***************
2025-01-30 13:48:28 INFO  TC001_AccountRegistrationTest:20 - Clicked on My Account Link
2025-01-30 13:48:28 INFO  TC001_AccountRegistrationTest:23 - Clicked on Register link
2025-01-30 13:48:29 INFO  TC001_AccountRegistrationTest:34 - Validating expected message
2025-01-30 13:53:16 INFO  Utils:112 - [TestNG] Running:
  C:\Users\layag\eclipse-workspace\OpenCartV1\master.xml

2025-01-30 13:53:23 INFO  TC001_AccountRegistrationTest:16 - ***************Starting Test case execution***************
2025-01-30 13:53:23 INFO  TC001_AccountRegistrationTest:20 - Clicked on My Account Link
2025-01-30 13:53:23 INFO  TC001_AccountRegistrationTest:23 - Clicked on Register link
2025-01-30 13:53:24 INFO  TC001_AccountRegistrationTest:34 - Validating expected message
2025-01-30 15:11:38 INFO  Utils:112 - [TestNG] Running:
  C:\Users\layag\eclipse-workspace\OpenCartV1\master.xml

2025-01-30 15:11:43 INFO  TC001_AccountRegistrationTest:16 - ***************Starting Test case execution***************
2025-01-30 15:11:44 INFO  TC001_AccountRegistrationTest:20 - Clicked on My Account Link
2025-01-30 15:11:44 INFO  TC001_AccountRegistrationTest:23 - Clicked on Register link
2025-01-30 15:11:45 INFO  TC001_AccountRegistrationTest:34 - Validating expected message
2025-01-30 15:11:45 INFO  TC001_AccountRegistrationTest:46 - ***************Finished Test case*************
2025-01-30 15:11:46 INFO  TC002_LoginTest:17 - ***********Starting TC002_LoginTest***********
2025-01-30 15:13:41 INFO  Utils:112 - [TestNG] Running:
  C:\Users\layag\eclipse-workspace\OpenCartV1\master.xml

2025-01-30 15:13:43 INFO  TC001_AccountRegistrationTest:16 - ***************Starting Test case execution***************
2025-01-30 15:13:44 INFO  TC001_AccountRegistrationTest:20 - Clicked on My Account Link
2025-01-30 15:13:44 INFO  TC001_AccountRegistrationTest:23 - Clicked on Register link
2025-01-30 15:13:45 INFO  TC001_AccountRegistrationTest:34 - Validating expected message
2025-01-30 15:13:45 INFO  TC001_AccountRegistrationTest:46 - ***************Finished Test case*************
2025-01-30 15:13:47 INFO  TC002_LoginTest:17 - ***********Starting TC002_LoginTest***********
2025-01-30 15:13:49 INFO  TC002_LoginTest:36 - ***************Finished TC002_LoginTest**************
2025-01-30 15:13:52 INFO  TC003_LoginDDT:23 - ****************Starting TC003_LoginDDT***************
2025-01-30 15:13:53 INFO  TC003_LoginDDT:67 - ****************Finished TC003_LoginDDT***************
2025-01-30 15:13:53 INFO  TC003_LoginDDT:23 - ****************Starting TC003_LoginDDT***************
2025-01-30 15:13:57 INFO  TC003_LoginDDT:67 - ****************Finished TC003_LoginDDT***************
2025-01-30 15:13:57 INFO  TC003_LoginDDT:23 - ****************Starting TC003_LoginDDT***************
2025-01-30 15:14:01 INFO  TC003_LoginDDT:67 - ****************Finished TC003_LoginDDT***************
2025-01-30 15:14:01 INFO  TC003_LoginDDT:23 - ****************Starting TC003_LoginDDT***************
2025-01-30 15:14:06 INFO  TC003_LoginDDT:67 - ****************Finished TC003_LoginDDT***************
2025-01-30 15:18:22 INFO  Utils:112 - [TestNG] Running:
  C:\Users\layag\eclipse-workspace\OpenCartV1\master.xml

2025-01-30 15:18:25 INFO  TC001_AccountRegistrationTest:16 - ***************Starting Test case execution***************
2025-01-30 15:18:25 INFO  TC001_AccountRegistrationTest:20 - Clicked on My Account Link
2025-01-30 15:18:26 INFO  TC001_AccountRegistrationTest:23 - Clicked on Register link
2025-01-30 15:18:27 INFO  TC001_AccountRegistrationTest:34 - Validating expected message
2025-01-30 15:18:30 INFO  TC002_LoginTest:17 - ***********Starting TC002_LoginTest***********
2025-01-30 15:18:31 INFO  TC002_LoginTest:36 - ***************Finished TC002_LoginTest**************
2025-01-30 15:18:34 INFO  TC003_LoginDDT:23 - ****************Starting TC003_LoginDDT***************
2025-01-30 15:18:36 INFO  TC003_LoginDDT:67 - ****************Finished TC003_LoginDDT***************
2025-01-30 15:18:36 INFO  TC003_LoginDDT:23 - ****************Starting TC003_LoginDDT***************
2025-01-30 15:18:40 INFO  TC003_LoginDDT:67 - ****************Finished TC003_LoginDDT***************
2025-01-30 15:18:40 INFO  TC003_LoginDDT:23 - ****************Starting TC003_LoginDDT***************
2025-01-30 15:18:44 INFO  TC003_LoginDDT:67 - ****************Finished TC003_LoginDDT***************
2025-01-30 15:18:44 INFO  TC003_LoginDDT:23 - ****************Starting TC003_LoginDDT***************
2025-01-30 15:18:46 INFO  TC003_LoginDDT:67 - ****************Finished TC003_LoginDDT***************
2025-01-30 15:28:17 INFO  Utils:112 - [TestNG] Running:
  C:\Users\layag\eclipse-workspace\OpenCartV1\test-output\testng-failed.xml

2025-01-30 15:28:20 INFO  TC001_AccountRegistrationTest:16 - ***************Starting Test case execution***************
2025-01-30 15:28:20 INFO  TC001_AccountRegistrationTest:20 - Clicked on My Account Link
2025-01-30 15:28:20 INFO  TC001_AccountRegistrationTest:23 - Clicked on Register link
2025-01-30 15:28:22 INFO  TC001_AccountRegistrationTest:34 - Validating expected message
2025-01-30 15:28:22 INFO  TC001_AccountRegistrationTest:46 - ***************Finished Test case*************
2025-01-30 15:55:15 INFO  TC001_AccountRegistrationTest:16 - ***************Starting Test case execution***************
2025-01-30 15:55:15 INFO  TC001_AccountRegistrationTest:20 - Clicked on My Account Link
2025-01-30 15:55:16 INFO  TC001_AccountRegistrationTest:23 - Clicked on Register link
2025-01-30 15:55:17 INFO  TC001_AccountRegistrationTest:34 - Validating expected message
2025-01-30 15:55:17 INFO  TC001_AccountRegistrationTest:46 - ***************Finished Test case*************
2025-01-30 15:55:19 INFO  TC002_LoginTest:17 - ***********Starting TC002_LoginTest***********
2025-01-30 15:55:21 INFO  TC002_LoginTest:36 - ***************Finished TC002_LoginTest**************
2025-01-30 15:55:24 INFO  TC003_LoginDDT:23 - ****************Starting TC003_LoginDDT***************
2025-01-30 15:55:26 INFO  TC003_LoginDDT:67 - ****************Finished TC003_LoginDDT***************
2025-01-30 15:55:26 INFO  TC003_LoginDDT:23 - ****************Starting TC003_LoginDDT***************
2025-01-30 15:55:30 INFO  TC003_LoginDDT:67 - ****************Finished TC003_LoginDDT***************
2025-01-30 15:55:30 INFO  TC003_LoginDDT:23 - ****************Starting TC003_LoginDDT***************
2025-01-30 15:55:34 INFO  TC003_LoginDDT:67 - ****************Finished TC003_LoginDDT***************
2025-01-30 15:55:34 INFO  TC003_LoginDDT:23 - ****************Starting TC003_LoginDDT***************
2025-01-30 15:55:36 INFO  TC003_LoginDDT:67 - ****************Finished TC003_LoginDDT***************
2025-01-30 20:00:11 INFO  TC001_AccountRegistrationTest:16 - ***************Starting Test case execution***************
2025-01-30 20:00:11 INFO  TC001_AccountRegistrationTest:20 - Clicked on My Account Link
2025-01-30 20:00:12 INFO  TC001_AccountRegistrationTest:23 - Clicked on Register link
2025-01-30 20:00:13 INFO  TC001_AccountRegistrationTest:34 - Validating expected message
2025-01-30 20:00:15 INFO  TC002_LoginTest:17 - ***********Starting TC002_LoginTest***********
2025-01-30 20:00:17 INFO  TC002_LoginTest:36 - ***************Finished TC002_LoginTest**************
2025-01-30 20:00:21 INFO  TC003_LoginDDT:23 - ****************Starting TC003_LoginDDT***************
2025-01-30 20:00:23 INFO  TC003_LoginDDT:67 - ****************Finished TC003_LoginDDT***************
2025-01-30 20:00:23 INFO  TC003_LoginDDT:23 - ****************Starting TC003_LoginDDT***************
2025-01-30 20:00:28 INFO  TC003_LoginDDT:67 - ****************Finished TC003_LoginDDT***************
2025-01-30 20:00:28 INFO  TC003_LoginDDT:23 - ****************Starting TC003_LoginDDT***************
2025-01-30 20:00:32 INFO  TC003_LoginDDT:67 - ****************Finished TC003_LoginDDT***************
2025-01-30 20:00:32 INFO  TC003_LoginDDT:23 - ****************Starting TC003_LoginDDT***************
2025-01-30 20:00:34 INFO  TC003_LoginDDT:67 - ****************Finished TC003_LoginDDT***************
2025-01-30 20:08:23 INFO  TC001_AccountRegistrationTest:16 - ***************Starting Test case execution***************
2025-01-30 20:08:23 INFO  TC001_AccountRegistrationTest:20 - Clicked on My Account Link
2025-01-30 20:08:24 INFO  TC001_AccountRegistrationTest:23 - Clicked on Register link
2025-01-30 20:08:25 INFO  TC001_AccountRegistrationTest:34 - Validating expected message
2025-01-30 20:08:27 INFO  TC002_LoginTest:17 - ***********Starting TC002_LoginTest***********
2025-01-30 20:08:30 INFO  TC002_LoginTest:36 - ***************Finished TC002_LoginTest**************
2025-01-30 20:08:34 INFO  TC003_LoginDDT:23 - ****************Starting TC003_LoginDDT***************
2025-01-30 20:08:35 INFO  TC003_LoginDDT:67 - ****************Finished TC003_LoginDDT***************
2025-01-30 20:08:35 INFO  TC003_LoginDDT:23 - ****************Starting TC003_LoginDDT***************
2025-01-30 20:08:39 INFO  TC003_LoginDDT:67 - ****************Finished TC003_LoginDDT***************
2025-01-30 20:08:39 INFO  TC003_LoginDDT:23 - ****************Starting TC003_LoginDDT***************
2025-01-30 20:08:44 INFO  TC003_LoginDDT:67 - ****************Finished TC003_LoginDDT***************
2025-01-30 20:08:44 INFO  TC003_LoginDDT:23 - ****************Starting TC003_LoginDDT***************
2025-01-30 20:08:45 INFO  TC003_LoginDDT:67 - ****************Finished TC003_LoginDDT***************
